<?xml version="1.0" encoding="UTF-8"?>
<!-- Generated by org.testng.reporters.JUnitReportReporter -->
<testsuite hostname="Sandeep-PC" name="test.YahooRegistration" tests="3" failures="0" timestamp="4 Feb 2015 12:57:36 GMT" time="0.001" errors="0">
  <testcase name="regUsr" time="0.000" classname="test.YahooRegistration"/>
  <testcase name="regUsr" time="0.000" classname="test.YahooRegistration"/>
  <testcase name="regUsr" time="0.001" classname="test.YahooRegistration"/>
</testsuite>
