<?xml version="1.0" encoding="UTF-8"?>
<!-- Generated by org.testng.reporters.JUnitReportReporter -->
<testsuite hostname="Sandeep-PC" name="test.YahooTest_1" tests="2" failures="0" timestamp="31 May 2015 07:10:33 GMT" time="0.001" errors="2">
  <testcase name="sendMail" time="0.000" classname="test.YahooTest_1"/>
  <testcase name="readMail" time="0.001" classname="test.YahooTest_1"/>
</testsuite>
