<?xml version="1.0" encoding="UTF-8"?>
<!-- Generated by org.testng.reporters.JUnitReportReporter -->
<testsuite hostname="Sandeep-PC" name="test.YahooNewsTest" tests="1" failures="0" timestamp="4 Feb 2015 12:57:36 GMT" time="0.003" errors="0">
  <testcase name="ReadNews" time="0.003" classname="test.YahooNewsTest"/>
</testsuite>
