<?xml version="1.0" encoding="UTF-8"?>
<!-- Generated by org.testng.reporters.JUnitReportReporter -->
<testsuite hostname="Sandeep-PC" name="test.YahooRegistration_3" tests="3" failures="0" timestamp="31 May 2015 07:10:33 GMT" time="0.004" errors="0">
  <testcase name="regUsr" time="0.001" classname="test.YahooRegistration_3"/>
  <testcase name="regUsr" time="0.001" classname="test.YahooRegistration_3"/>
  <testcase name="regUsr" time="0.002" classname="test.YahooRegistration_3"/>
</testsuite>
