<?xml version="1.0" encoding="UTF-8"?>
<!-- Generated by org.testng.reporters.JUnitReportReporter -->
<testsuite hostname="Sandeep-PC" name="test.YahooTest" tests="2" failures="0" timestamp="4 Feb 2015 12:57:36 GMT" time="0.000" errors="2">
  <testcase name="readMail" time="0.000" classname="test.YahooTest"/>
  <testcase name="sendMail" time="0.000" classname="test.YahooTest"/>
</testsuite>
