<?xml version="1.0" encoding="UTF-8"?>
<!-- Generated by org.testng.reporters.JUnitReportReporter -->
<testsuite hostname="Sandeep-PC" name="test.YahooNewsTest_2" tests="1" failures="0" timestamp="31 May 2015 07:10:33 GMT" time="0.003" errors="0">
  <testcase name="ReadNews" time="0.003" classname="test.YahooNewsTest_2"/>
</testsuite>
