<?xml version="1.0" encoding="UTF-8"?>
<!-- Generated by org.testng.reporters.JUnitReportReporter -->
<testsuite hostname="Sandeep-PC" name="Login" tests="2" failures="0" timestamp="4 Feb 2015 05:50:39 GMT" time="0.045" errors="0">
  <testcase name="testApp" time="0.043" classname="Login"/>
  <testcase name="testLogin" time="0.002" classname="Login"/>
</testsuite> <!-- Login -->
